#
# A fatal error has been detected by the Java Runtime Environment:
#
#  EXCEPTION_ACCESS_VIOLATION (0xc0000005) at pc=0x00000000511f72f5, pid=5788, tid=10980
#
# JRE version: Java(TM) SE Runtime Environment (8.0_05-b13) (build 1.8.0_05-b13)
# Java VM: Java HotSpot(TM) 64-Bit Server VM (25.5-b02 mixed mode windows-amd64 compressed oops)
# Problematic frame:
# V  [jvm.dll+0x1172f5]
#
# Failed to write core dump. Minidumps are not enabled by default on client versions of Windows
#
# If you would like to submit a bug report, please visit:
#   http://bugreport.sun.com/bugreport/crash.jsp
#

---------------  T H R E A D  ---------------

Current thread (0x0000000016d6d000):  JavaThread "JDWP Transport Listener: dt_socket" daemon [_thread_in_vm, id=10980, stack(0x00000000182b0000,0x00000000183b0000)]

siginfo: ExceptionCode=0xc0000005, reading address 0x0000000000003b72

Registers:
RAX=0x00000000183af301, RBX=0x0000000016d6d000, RCX=0x0000000000003b72, RDX=0x0000000000000000
RSP=0x00000000183af390, RBP=0x0000000000003b72, RSI=0x00000000183af4a8, RDI=0x0000000002138500
R8 =0x0000000016d6d000, R9 =0x0000000000008000, R10=0x0000000000000000, R11=0x0000000018c06b6f
R12=0x0000000000000000, R13=0x0000000016d6dd78, R14=0x0000000000000000, R15=0x0000000000000000
RIP=0x00000000511f72f5, EFLAGS=0x0000000000010206

Top of Stack: (sp=0x00000000183af390)
0x00000000183af390:   0000000016d6d000 0000000016d6d000
0x00000000183af3a0:   00000000183af458 00000000513ea04b
0x00000000183af3b0:   0000000016d6d000 00000000514068ad
0x00000000183af3c0:   0000000000000000 0000000050459149
0x00000000183af3d0:   0000000016d80328 0000000050462912
0x00000000183af3e0:   0000000016d6d000 0000000000000000
0x00000000183af3f0:   0000000000000000 0000000000000000
0x00000000183af400:   0000000000003b72 0000000050461a09
0x00000000183af410:   00000000183af4a8 00000000183af480
0x00000000183af420:   0000000000000001 0000000016d80328
0x00000000183af430:   0000000000003b72 00000000504453b3
0x00000000183af440:   00000000183af570 0000000000000001
0x00000000183af450:   0000000000000001 0000000016d80328
0x00000000183af460:   000000000000000a 0000000000000000
0x00000000183af470:   0000000000000000 0000000000000000
0x00000000183af480:   0000000000000001 0000000050445571 

Instructions: (pc=0x00000000511f72f5)
0x00000000511f72d5:   cc cc cc cc cc cc cc cc cc cc cc 48 83 ec 28 48
0x00000000511f72e5:   85 c9 75 07 33 c0 48 83 c4 28 c3 48 89 5c 24 20
0x00000000511f72f5:   48 8b 19 48 85 db 74 20 48 83 fb 37 74 1a 48 8b
0x00000000511f7305:   13 48 8b cb ff 52 08 84 c0 74 0d 48 8b c3 48 8b 


Register to memory mapping:

RAX=0x00000000183af301 is pointing into the stack for thread: 0x0000000016d6d000
RBX=0x0000000016d6d000 is a thread
RCX=0x0000000000003b72 is an unknown value
RDX=0x0000000000000000 is an unknown value
RSP=0x00000000183af390 is pointing into the stack for thread: 0x0000000016d6d000
RBP=0x0000000000003b72 is an unknown value
RSI=0x00000000183af4a8 is pointing into the stack for thread: 0x0000000016d6d000
RDI=0x0000000002138500 is an unknown value
R8 =0x0000000016d6d000 is a thread
R9 =0x0000000000008000 is an unknown value
R10=0x0000000000000000 is an unknown value
R11=0x0000000018c06b6f is an unknown value
R12=0x0000000000000000 is an unknown value
R13=0x0000000016d6dd78 is an unknown value
R14=0x0000000000000000 is an unknown value
R15=0x0000000000000000 is an unknown value


Stack: [0x00000000182b0000,0x00000000183b0000],  sp=0x00000000183af390,  free space=1020k
Native frames: (J=compiled Java code, j=interpreted, Vv=VM code, C=native code)
V  [jvm.dll+0x1172f5]
V  [jvm.dll+0x3268ad]
C  [jdwp.dll+0x21a09]
C  [jdwp.dll+0x53b3]
C  [jdwp.dll+0x5571]
C  [jdwp.dll+0xf09c]
C  [jdwp.dll+0x1f2c9]
C  [jdwp.dll+0x1f49e]
V  [jvm.dll+0x1a7128]
V  [jvm.dll+0x2232c4]
V  [jvm.dll+0x27baca]
C  [msvcr100.dll+0x21d9f]
C  [msvcr100.dll+0x21e3b]
C  [KERNEL32.DLL+0x13d2]
C  [ntdll.dll+0x15454]


---------------  P R O C E S S  ---------------

Java Threads: ( => current thread )
  0x0000000018c44800 JavaThread "Service Thread" daemon [_thread_blocked, id=7272, stack(0x0000000019000000,0x0000000019100000)]
  0x0000000016d91000 JavaThread "C1 CompilerThread2" daemon [_thread_blocked, id=7824, stack(0x0000000018b00000,0x0000000018c00000)]
  0x0000000016d85800 JavaThread "C2 CompilerThread1" daemon [_thread_blocked, id=9696, stack(0x0000000018a00000,0x0000000018b00000)]
  0x0000000016d81000 JavaThread "C2 CompilerThread0" daemon [_thread_blocked, id=3684, stack(0x0000000018900000,0x0000000018a00000)]
  0x0000000016d75000 JavaThread "JDWP Command Reader" daemon [_thread_in_native, id=11132, stack(0x0000000018800000,0x0000000018900000)]
  0x0000000016d70800 JavaThread "JDWP Event Helper Thread" daemon [_thread_blocked, id=5824, stack(0x0000000018700000,0x0000000018800000)]
=>0x0000000016d6d000 JavaThread "JDWP Transport Listener: dt_socket" daemon [_thread_in_vm, id=10980, stack(0x00000000182b0000,0x00000000183b0000)]
  0x0000000016d5c000 JavaThread "Attach Listener" daemon [_thread_blocked, id=9096, stack(0x00000000181b0000,0x00000000182b0000)]
  0x0000000016d5a800 JavaThread "Signal Dispatcher" daemon [_thread_blocked, id=6920, stack(0x00000000180b0000,0x00000000181b0000)]
  0x0000000002235800 JavaThread "Finalizer" daemon [_thread_blocked, id=1440, stack(0x0000000017fb0000,0x00000000180b0000)]
  0x0000000016d27800 JavaThread "Reference Handler" daemon [_thread_blocked, id=10652, stack(0x0000000017eb0000,0x0000000017fb0000)]
  0x000000000213e000 JavaThread "main" [_thread_blocked, id=988, stack(0x0000000001f80000,0x0000000002080000)]

Other Threads:
  0x0000000016d26000 VMThread [stack: 0x0000000017db0000,0x0000000017eb0000] [id=2940]
  0x0000000018c4a800 WatcherThread [stack: 0x0000000019100000,0x0000000019200000] [id=10320]

VM state:not at safepoint (normal execution)

VM Mutex/Monitor currently owned by a thread: None

Heap:
 PSYoungGen      total 1024K, used 905K [0x00000000d5f80000, 0x00000000d6100000, 0x0000000100000000)
  eden space 512K, 76% used [0x00000000d5f80000,0x00000000d5fe2468,0x00000000d6000000)
  from space 512K, 100% used [0x00000000d6000000,0x00000000d6080000,0x00000000d6080000)
  to   space 512K, 0% used [0x00000000d6080000,0x00000000d6080000,0x00000000d6100000)
 ParOldGen       total 129536K, used 352K [0x0000000081e00000, 0x0000000089c80000, 0x00000000d5f80000)
  object space 129536K, 0% used [0x0000000081e00000,0x0000000081e58000,0x0000000089c80000)
 Metaspace       used 6377K, capacity 6798K, committed 7040K, reserved 1056768K
  class space    used 517K, capacity 538K, committed 640K, reserved 1048576K

Card table byte_map: [0x0000000011600000,0x0000000011a00000] byte_map_base: 0x00000000111f1000

Marking Bits: (ParMarkBitMap*) 0x00000000518913b0
 Begin Bits: [0x00000000120b0000, 0x0000000014038000)
 End Bits:   [0x0000000014038000, 0x0000000015fc0000)

Polling page: 0x0000000000710000

CodeCache: size=245760Kb used=1448Kb max_used=1448Kb free=244311Kb
 bounds [0x0000000002240000, 0x00000000024b0000, 0x0000000011240000]
 total_blobs=433 nmethods=175 adapters=180
 compilation: enabled

Compilation events (10 events):
Event: 7.247 Thread 0x0000000016d91000  161       3       java.io.ObjectStreamClass::getClassDataLayout (20 bytes)
Event: 7.247 Thread 0x0000000016d91000 nmethod 161 0x00000000023a9150 code [0x00000000023a92c0, 0x00000000023a94a8]
Event: 7.247 Thread 0x0000000016d91000  162       3       java.io.ObjectStreamClass::hasReadObjectMethod (13 bytes)
Event: 7.247 Thread 0x0000000016d91000 nmethod 162 0x00000000023a9550 code [0x00000000023a96a0, 0x00000000023a9850]
Event: 7.247 Thread 0x0000000016d91000  154       3       java.lang.reflect.Constructor::newInstance (87 bytes)
Event: 7.248 Thread 0x0000000016d91000 nmethod 154 0x00000000023a98d0 code [0x00000000023a9ac0, 0x00000000023aa168]
Event: 7.248 Thread 0x0000000016d91000  164       1       java.net.URL::getFile (5 bytes)
Event: 7.248 Thread 0x0000000016d91000 nmethod 164 0x00000000023aa410 code [0x00000000023aa560, 0x00000000023aa670]
Event: 9.994 Thread 0x0000000016d91000  175       3       java.nio.ByteBuffer::arrayOffset (35 bytes)
Event: 9.994 Thread 0x0000000016d91000 nmethod 175 0x00000000023aa6d0 code [0x00000000023aa860, 0x00000000023aab38]

GC Heap History (6 events):
Event: 0.448 GC heap before
{Heap before GC invocations=1 (full 0):
 PSYoungGen      total 1024K, used 512K [0x00000000d5f80000, 0x00000000d6100000, 0x0000000100000000)
  eden space 512K, 100% used [0x00000000d5f80000,0x00000000d6000000,0x00000000d6000000)
  from space 512K, 0% used [0x00000000d6080000,0x00000000d6080000,0x00000000d6100000)
  to   space 512K, 0% used [0x00000000d6000000,0x00000000d6000000,0x00000000d6080000)
 ParOldGen       total 129536K, used 0K [0x0000000081e00000, 0x0000000089c80000, 0x00000000d5f80000)
  object space 129536K, 0% used [0x0000000081e00000,0x0000000081e00000,0x0000000089c80000)
 Metaspace       used 2741K, capacity 4550K, committed 4864K, reserved 1056768K
  class space    used 303K, capacity 386K, committed 512K, reserved 1048576K
Event: 0.450 GC heap after
Heap after GC invocations=1 (full 0):
 PSYoungGen      total 1024K, used 416K [0x00000000d5f80000, 0x00000000d6100000, 0x0000000100000000)
  eden space 512K, 0% used [0x00000000d5f80000,0x00000000d5f80000,0x00000000d6000000)
  from space 512K, 81% used [0x00000000d6000000,0x00000000d6068020,0x00000000d6080000)
  to   space 512K, 0% used [0x00000000d6080000,0x00000000d6080000,0x00000000d6100000)
 ParOldGen       total 129536K, used 8K [0x0000000081e00000, 0x0000000089c80000, 0x00000000d5f80000)
  object space 129536K, 0% used [0x0000000081e00000,0x0000000081e02000,0x0000000089c80000)
 Metaspace       used 2741K, capacity 4550K, committed 4864K, reserved 1056768K
  class space    used 303K, capacity 386K, committed 512K, reserved 1048576K
}
Event: 7.153 GC heap before
{Heap before GC invocations=2 (full 0):
 PSYoungGen      total 1024K, used 928K [0x00000000d5f80000, 0x00000000d6100000, 0x0000000100000000)
  eden space 512K, 100% used [0x00000000d5f80000,0x00000000d6000000,0x00000000d6000000)
  from space 512K, 81% used [0x00000000d6000000,0x00000000d6068020,0x00000000d6080000)
  to   space 512K, 0% used [0x00000000d6080000,0x00000000d6080000,0x00000000d6100000)
 ParOldGen       total 129536K, used 8K [0x0000000081e00000, 0x0000000089c80000, 0x00000000d5f80000)
  object space 129536K, 0% used [0x0000000081e00000,0x0000000081e02000,0x0000000089c80000)
 Metaspace       used 3640K, capacity 4602K, committed 4864K, reserved 1056768K
  class space    used 405K, capacity 430K, committed 512K, reserved 1048576K
Event: 7.154 GC heap after
Heap after GC invocations=2 (full 0):
 PSYoungGen      total 1024K, used 496K [0x00000000d5f80000, 0x00000000d6100000, 0x0000000100000000)
  eden space 512K, 0% used [0x00000000d5f80000,0x00000000d5f80000,0x00000000d6000000)
  from space 512K, 96% used [0x00000000d6080000,0x00000000d60fc010,0x00000000d6100000)
  to   space 512K, 0% used [0x00000000d6000000,0x00000000d6000000,0x00000000d6080000)
 ParOldGen       total 129536K, used 144K [0x0000000081e00000, 0x0000000089c80000, 0x00000000d5f80000)
  object space 129536K, 0% used [0x0000000081e00000,0x0000000081e24000,0x0000000089c80000)
 Metaspace       used 3640K, capacity 4602K, committed 4864K, reserved 1056768K
  class space    used 405K, capacity 430K, committed 512K, reserved 1048576K
}
Event: 7.209 GC heap before
{Heap before GC invocations=3 (full 0):
 PSYoungGen      total 1024K, used 1008K [0x00000000d5f80000, 0x00000000d6100000, 0x0000000100000000)
  eden space 512K, 100% used [0x00000000d5f80000,0x00000000d6000000,0x00000000d6000000)
  from space 512K, 96% used [0x00000000d6080000,0x00000000d60fc010,0x00000000d6100000)
  to   space 512K, 0% used [0x00000000d6000000,0x00000000d6000000,0x00000000d6080000)
 ParOldGen       total 129536K, used 144K [0x0000000081e00000, 0x0000000089c80000, 0x00000000d5f80000)
  object space 129536K, 0% used [0x0000000081e00000,0x0000000081e24000,0x0000000089c80000)
 Metaspace       used 4176K, capacity 4700K, committed 4864K, reserved 1056768K
  class space    used 477K, capacity 503K, committed 512K, reserved 1048576K
Event: 7.211 GC heap after
Heap after GC invocations=3 (full 0):
 PSYoungGen      total 1024K, used 512K [0x00000000d5f80000, 0x00000000d6100000, 0x0000000100000000)
  eden space 512K, 0% used [0x00000000d5f80000,0x00000000d5f80000,0x00000000d6000000)
  from space 512K, 100% used [0x00000000d6000000,0x00000000d6080000,0x00000000d6080000)
  to   space 512K, 0% used [0x00000000d6080000,0x00000000d6080000,0x00000000d6100000)
 ParOldGen       total 129536K, used 352K [0x0000000081e00000, 0x0000000089c80000, 0x00000000d5f80000)
  object space 129536K, 0% used [0x0000000081e00000,0x0000000081e58000,0x0000000089c80000)
 Metaspace       used 4176K, capacity 4700K, committed 4864K, reserved 1056768K
  class space    used 477K, capacity 503K, committed 512K, reserved 1048576K
}

Deoptimization events (0 events):
No events

Internal exceptions (10 events):
Event: 7.201 Thread 0x000000000213e000 Exception <a 'java/security/PrivilegedActionException'> (0x00000000d5fdd498) thrown at [D:\re\workspace\8-2-build-windows-amd64-cygwin\jdk8u5\2488\hotspot\src\share\vm\prims\jvm.cpp, line 1248]
Event: 7.202 Thread 0x000000000213e000 Exception <a 'java/security/PrivilegedActionException'> (0x00000000d5fdfd68) thrown at [D:\re\workspace\8-2-build-windows-amd64-cygwin\jdk8u5\2488\hotspot\src\share\vm\prims\jvm.cpp, line 1248]
Event: 7.203 Thread 0x000000000213e000 Exception <a 'java/lang/NoSuchMethodError': <clinit>> (0x00000000d5fea310) thrown at [D:\re\workspace\8-2-build-windows-amd64-cygwin\jdk8u5\2488\hotspot\src\share\vm\prims\jni.cpp, line 1599]
Event: 7.204 Thread 0x000000000213e000 Exception <a 'java/security/PrivilegedActionException'> (0x00000000d5feed70) thrown at [D:\re\workspace\8-2-build-windows-amd64-cygwin\jdk8u5\2488\hotspot\src\share\vm\prims\jvm.cpp, line 1248]
Event: 7.212 Thread 0x000000000213e000 Exception <a 'java/security/PrivilegedActionException'> (0x00000000d5f80d58) thrown at [D:\re\workspace\8-2-build-windows-amd64-cygwin\jdk8u5\2488\hotspot\src\share\vm\prims\jvm.cpp, line 1248]
Event: 7.214 Thread 0x000000000213e000 Exception <a 'java/lang/NoSuchMethodError': <clinit>> (0x00000000d5f8c568) thrown at [D:\re\workspace\8-2-build-windows-amd64-cygwin\jdk8u5\2488\hotspot\src\share\vm\prims\jni.cpp, line 1599]
Event: 7.217 Thread 0x000000000213e000 Exception <a 'java/lang/NoSuchMethodError': <clinit>> (0x00000000d5f9ffe8) thrown at [D:\re\workspace\8-2-build-windows-amd64-cygwin\jdk8u5\2488\hotspot\src\share\vm\prims\jni.cpp, line 1599]
Event: 7.220 Thread 0x000000000213e000 Exception <a 'java/lang/NoSuchMethodError': <clinit>> (0x00000000d5fadae8) thrown at [D:\re\workspace\8-2-build-windows-amd64-cygwin\jdk8u5\2488\hotspot\src\share\vm\prims\jni.cpp, line 1599]
Event: 7.240 Thread 0x000000000213e000 Exception <a 'java/security/PrivilegedActionException'> (0x00000000d5fc9ae0) thrown at [D:\re\workspace\8-2-build-windows-amd64-cygwin\jdk8u5\2488\hotspot\src\share\vm\prims\jvm.cpp, line 1248]
Event: 7.240 Thread 0x000000000213e000 Exception <a 'java/security/PrivilegedActionException'> (0x00000000d5fcafc8) thrown at [D:\re\workspace\8-2-build-windows-amd64-cygwin\jdk8u5\2488\hotspot\src\share\vm\prims\jvm.cpp, line 1248]

Events (10 events):
Event: 1097.818 Executing VM operation: RedefineClasses
Event: 1097.819 Executing VM operation: RedefineClasses done
Event: 1100.683 Executing VM operation: RedefineClasses
Event: 1100.684 Executing VM operation: RedefineClasses done
Event: 1109.123 Executing VM operation: RedefineClasses
Event: 1109.124 Executing VM operation: RedefineClasses done
Event: 1137.502 Executing VM operation: RedefineClasses
Event: 1137.503 Executing VM operation: RedefineClasses done
Event: 1172.667 Executing VM operation: RedefineClasses
Event: 1172.668 Executing VM operation: RedefineClasses done


Dynamic libraries:
0x00007ff67a800000 - 0x00007ff67a834000 	C:\Program Files\Java\jdk1.8.0_05\bin\javaw.exe
0x00007fff60290000 - 0x00007fff6043c000 	C:\WINDOWS\SYSTEM32\ntdll.dll
0x00007fff5e3e0000 - 0x00007fff5e51e000 	C:\WINDOWS\system32\KERNEL32.DLL
0x00007fff5d740000 - 0x00007fff5d855000 	C:\WINDOWS\system32\KERNELBASE.dll
0x00007fff5bf80000 - 0x00007fff5c00e000 	C:\WINDOWS\system32\apphelp.dll
0x00007fff472c0000 - 0x00007fff47313000 	C:\WINDOWS\AppPatch\AppPatch64\AcGenral.DLL
0x00007fff5dc60000 - 0x00007fff5dd0a000 	C:\WINDOWS\system32\msvcrt.dll
0x00007fff5d280000 - 0x00007fff5d2ae000 	C:\WINDOWS\SYSTEM32\SspiCli.dll
0x00007fff5e380000 - 0x00007fff5e3d4000 	C:\WINDOWS\system32\SHLWAPI.dll
0x00007fff5ea00000 - 0x00007fff5eb77000 	C:\WINDOWS\system32\USER32.dll
0x00007fff5d910000 - 0x00007fff5daa4000 	C:\WINDOWS\system32\ole32.dll
0x00007fff5eb80000 - 0x00007fff600ab000 	C:\WINDOWS\system32\SHELL32.dll
0x00007fff5ca00000 - 0x00007fff5ca21000 	C:\WINDOWS\SYSTEM32\USERENV.dll
0x00007fff5dbb0000 - 0x00007fff5dc5a000 	C:\WINDOWS\system32\ADVAPI32.dll
0x00007fff50ca0000 - 0x00007fff50cbe000 	C:\WINDOWS\SYSTEM32\MPR.dll
0x00007fff5e530000 - 0x00007fff5e671000 	C:\WINDOWS\system32\RPCRT4.dll
0x00007fff5dab0000 - 0x00007fff5db09000 	C:\WINDOWS\SYSTEM32\sechost.dll
0x00007fff5e700000 - 0x00007fff5e911000 	C:\WINDOWS\SYSTEM32\combase.dll
0x00007fff5e070000 - 0x00007fff5e1bf000 	C:\WINDOWS\system32\GDI32.dll
0x00007fff5d3e0000 - 0x00007fff5d3f5000 	C:\WINDOWS\SYSTEM32\profapi.dll
0x00007fff5bbe0000 - 0x00007fff5bc92000 	C:\WINDOWS\SYSTEM32\SHCORE.dll
0x00007fff5db10000 - 0x00007fff5db46000 	C:\WINDOWS\system32\IMM32.DLL
0x00007fff5e1c0000 - 0x00007fff5e312000 	C:\WINDOWS\system32\MSCTF.dll
0x00007fff5b170000 - 0x00007fff5b3eb000 	C:\WINDOWS\WinSxS\amd64_microsoft.windows.common-controls_6595b64144ccf1df_6.0.9600.18006_none_623f33d3ecbe86e8\COMCTL32.dll
0x0000000051910000 - 0x00000000519e2000 	C:\Program Files\Java\jdk1.8.0_05\jre\bin\msvcr100.dll
0x00000000510e0000 - 0x000000005190a000 	C:\Program Files\Java\jdk1.8.0_05\jre\bin\server\jvm.dll
0x00007fff555a0000 - 0x00007fff555a9000 	C:\WINDOWS\SYSTEM32\WSOCK32.dll
0x00007fff556c0000 - 0x00007fff556e2000 	C:\WINDOWS\SYSTEM32\WINMM.dll
0x00007fff5e9f0000 - 0x00007fff5e9f7000 	C:\WINDOWS\system32\PSAPI.DLL
0x00007fff5e320000 - 0x00007fff5e37a000 	C:\WINDOWS\system32\WS2_32.dll
0x00007fff55690000 - 0x00007fff556ba000 	C:\WINDOWS\SYSTEM32\WINMMBASE.dll
0x00007fff5e680000 - 0x00007fff5e689000 	C:\WINDOWS\system32\NSI.dll
0x00007fff5d860000 - 0x00007fff5d8af000 	C:\WINDOWS\SYSTEM32\cfgmgr32.dll
0x00007fff5c200000 - 0x00007fff5c228000 	C:\WINDOWS\SYSTEM32\DEVOBJ.dll
0x00000000510d0000 - 0x00000000510df000 	C:\Program Files\Java\jdk1.8.0_05\jre\bin\verify.dll
0x00000000510a0000 - 0x00000000510c8000 	C:\Program Files\Java\jdk1.8.0_05\jre\bin\java.dll
0x0000000050440000 - 0x0000000050475000 	C:\Program Files\Java\jdk1.8.0_05\jre\bin\jdwp.dll
0x0000000050430000 - 0x0000000050438000 	C:\Program Files\Java\jdk1.8.0_05\jre\bin\npt.dll
0x0000000051080000 - 0x0000000051096000 	C:\Program Files\Java\jdk1.8.0_05\jre\bin\zip.dll
0x0000000050420000 - 0x0000000050429000 	C:\Program Files\Java\jdk1.8.0_05\jre\bin\dt_socket.dll
0x00007fff53cd0000 - 0x00007fff53ce5000 	C:\WINDOWS\system32\napinsp.dll
0x00007fff53cb0000 - 0x00007fff53cca000 	C:\WINDOWS\system32\pnrpnsp.dll
0x00007fff5a9f0000 - 0x00007fff5aa0b000 	C:\WINDOWS\system32\NLAapi.dll
0x00007fff5ccc0000 - 0x00007fff5cd19000 	C:\WINDOWS\System32\mswsock.dll
0x00007fff5cac0000 - 0x00007fff5cb64000 	C:\WINDOWS\SYSTEM32\DNSAPI.dll
0x00007fff53ca0000 - 0x00007fff53cad000 	C:\WINDOWS\System32\winrnr.dll
0x0000000052470000 - 0x0000000052496000 	C:\Program Files\Bonjour\mdnsNSP.dll
0x00007fff57f10000 - 0x00007fff57f3a000 	C:\WINDOWS\SYSTEM32\Iphlpapi.DLL
0x00007fff57f00000 - 0x00007fff57f0a000 	C:\WINDOWS\SYSTEM32\WINNSI.DLL
0x00007fff53c40000 - 0x00007fff53c54000 	C:\WINDOWS\system32\wshbth.dll
0x00007fff57c30000 - 0x00007fff57c9b000 	C:\WINDOWS\System32\fwpuclnt.dll
0x00007fff552d0000 - 0x00007fff552da000 	C:\Windows\System32\rasadhlp.dll
0x00007fff54ef0000 - 0x00007fff55079000 	C:\WINDOWS\SYSTEM32\dbghelp.dll

VM Arguments:
jvm_args: -agentlib:jdwp=transport=dt_socket,suspend=y,address=localhost:51664 -Dfile.encoding=Cp1252 
java_command: Staff.StaffApplication
java_class_path (initial): C:\Users\LENOVO\Desktop\School\programming\Competitive programming\Assignment\bin
Launcher Type: SUN_STANDARD

Environment Variables:
JAVA_HOME=C:\Program Files\Java\jdk1.8.0_40\
CLASSPATH=C:\iverilog\bin
PATH=C:\Program Files\Java\jdk1.8.0_05\jre\bin;C:\ProgramData\Oracle\Java\javapath;C:\Users\LENOVO\algs4\java\bin;C:\Program Files\Java\jdk1.8.0_05\bin;C:\Program Files (x86)\Skype\Phone\;C:\cygwin64\home\nachos\bin;C:\Users\LENOVO\algs4\bin;C:\Users\LENOVO\algs4\java\bin;C:\Users\LENOVO\AppData\Roaming\npm;C:\Users\LENOVO\Desktop\android-sdk\platform-tools;C:\Users\LENOVO\Desktop\android-sdk\tools;C:\Users\LENOVO\Desktop\School\WebSiteProject\apache-ant-1.9.6\bin
USERNAME=LENOVO
OS=Windows_NT
PROCESSOR_IDENTIFIER=Intel64 Family 6 Model 58 Stepping 9, GenuineIntel



---------------  S Y S T E M  ---------------

OS: Windows 8.1 , 64 bit Build 9600 

CPU:total 4 (2 cores per cpu, 2 threads per core) family 6 model 58 stepping 9, cmov, cx8, fxsr, mmx, sse, sse2, sse3, ssse3, sse4.1, sse4.2, popcnt, avx, aes, clmul, erms, ht, tsc, tscinvbit

Memory: 4k page, physical 8264984k(3674984k free), swap 9969688k(2881752k free)

vm_info: Java HotSpot(TM) 64-Bit Server VM (25.5-b02) for windows-amd64 JRE (1.8.0_05-b13), built on Mar 18 2014 01:08:39 by "java_re" with MS VC++ 10.0 (VS2010)

time: Mon Oct 26 22:47:06 2015
elapsed time: 1172 seconds

